\BOOKMARK [0][-]{chapter.1}{Summary\040of\040the\040proposed\040project}{}% 1
\BOOKMARK [0][-]{chapter.2}{Project\040execution}{}% 2
\BOOKMARK [1][-]{section.2.1}{Motivation\040-\040Stiffness}{chapter.2}% 3
\BOOKMARK [2][-]{subsection.2.1.1}{Cauchy\040problem}{section.2.1}% 4
\BOOKMARK [2][-]{subsection.2.1.2}{Stiffness}{section.2.1}% 5
\BOOKMARK [1][-]{section.2.2}{Classical\040methods}{chapter.2}% 6
\BOOKMARK [2][-]{subsection.2.2.1}{One\040step\040methods\040for\040ODE}{section.2.2}% 7
\BOOKMARK [2][-]{subsection.2.2.2}{Examples}{section.2.2}% 8
\BOOKMARK [1][-]{section.2.3}{Important\040concepts\040for\040the\040study\040of\040exponential\040methods}{chapter.2}% 9
\BOOKMARK [2][-]{subsection.2.3.1}{Matrix\040exponential}{section.2.3}% 10
\BOOKMARK [3][-]{subsubsection*.3}{Exponential\040of\040a\040zeros\040matrix}{subsection.2.3.1}% 11
\BOOKMARK [3][-]{subsubsection*.4}{Exponential\040of\040a\040diagonal\040matrix}{subsection.2.3.1}% 12
\BOOKMARK [3][-]{subsubsection*.5}{Exponential\040of\040a\040matrix\040of\040ones\040above\040the\040diagonal}{subsection.2.3.1}% 13
\BOOKMARK [3][-]{subsubsection*.6}{Exponential\040of\040a\040Jordan\040block}{subsection.2.3.1}% 14
\BOOKMARK [3][-]{subsubsection*.7}{Exponential\040of\040any\040matrix}{subsection.2.3.1}% 15
\BOOKMARK [2][-]{subsection.2.3.2}{Linear\040problem}{section.2.3}% 16
\BOOKMARK [2][-]{subsection.2.3.3}{General\040problem}{section.2.3}% 17
\BOOKMARK [2][-]{subsection.2.3.4}{\376\377\003\306\000\040\000f\000u\000n\000c\000t\000i\000o\000n\000s}{section.2.3}% 18
\BOOKMARK [1][-]{section.2.4}{Exponential\040methods}{chapter.2}% 19
\BOOKMARK [2][-]{subsection.2.4.1}{Exponential\040Euler\040method}{section.2.4}% 20
\BOOKMARK [2][-]{subsection.2.4.2}{Exponential\040time\040differencing\040methods\040\(ETD\)}{section.2.4}% 21
\BOOKMARK [2][-]{subsection.2.4.3}{Exponential\040time\040differencing\040methods\040with\040Runge-Kutta\040time\040stepping}{section.2.4}% 22
\BOOKMARK [3][-]{subsubsection*.8}{Exponential\040-\040Trapezoidal\040rule}{subsection.2.4.3}% 23
\BOOKMARK [3][-]{subsubsection*.9}{Naive\040deduction\040-\040Trapezoidal\040rule}{subsection.2.4.3}% 24
